Using pre-set license
Built from '2021.3/staging' branch; Version is '2021.3.13f1 (9e7d58001ecf) revision 10386776'; Using compiler version '192829333'; Build Type 'Release'
OS: 'Windows 10  (10.0.19045) 64bit Core' Language: 'ko' Physical Memory: 16316 MB
BatchMode: 1, IsHumanControllingUs: 0, StartBugReporterOnCrash: 0, Is64bit: 1, IsPro: 1

COMMAND LINE ARGUMENTS:
C:\Program Files\Unity\Hub\Editor\2021.3.13f1\Editor\Unity.exe
-adb2
-batchMode
-noUpm
-name
AssetImportWorker1
-projectPath
D:/바탕화면/3D-TeamProject
-logFile
Logs/AssetImportWorker1.log
-srvPort
51824
Successfully changed project path to: D:/바탕화면/3D-TeamProject
D:/바탕화면/3D-TeamProject
[UnityMemory] Configuration Parameters - Can be set up in boot.config
    "memorysetup-bucket-allocator-granularity=16"
    "memorysetup-bucket-allocator-bucket-count=8"
    "memorysetup-bucket-allocator-block-size=33554432"
    "memorysetup-bucket-allocator-block-count=8"
    "memorysetup-main-allocator-block-size=16777216"
    "memorysetup-thread-allocator-block-size=16777216"
    "memorysetup-gfx-main-allocator-block-size=16777216"
    "memorysetup-gfx-thread-allocator-block-size=16777216"
    "memorysetup-cache-allocator-block-size=4194304"
    "memorysetup-typetree-allocator-block-size=2097152"
    "memorysetup-profiler-bucket-allocator-granularity=16"
    "memorysetup-profiler-bucket-allocator-bucket-count=8"
    "memorysetup-profiler-bucket-allocator-block-size=33554432"
    "memorysetup-profiler-bucket-allocator-block-count=8"
    "memorysetup-profiler-allocator-block-size=16777216"
    "memorysetup-profiler-editor-allocator-block-size=1048576"
    "memorysetup-temp-allocator-size-main=16777216"
    "memorysetup-job-temp-allocator-block-size=2097152"
    "memorysetup-job-temp-allocator-block-size-background=1048576"
    "memorysetup-job-temp-allocator-reduction-small-platforms=262144"
    "memorysetup-temp-allocator-size-background-worker=32768"
    "memorysetup-temp-allocator-size-job-worker=262144"
    "memorysetup-temp-allocator-size-preload-manager=33554432"
    "memorysetup-temp-allocator-size-nav-mesh-worker=65536"
    "memorysetup-temp-allocator-size-audio-worker=65536"
    "memorysetup-temp-allocator-size-cloud-worker=32768"
    "memorysetup-temp-allocator-size-gi-baking-worker=262144"
    "memorysetup-temp-allocator-size-gfx=262144"
Refreshing native plugins compatible for Editor in 100.76 ms, found 3 plugins.
Preloading 0 native plugins for Editor in 0.00 ms.
Initialize engine version: 2021.3.13f1 (9e7d58001ecf)
[Subsystems] Discovering subsystems at path C:/Program Files/Unity/Hub/Editor/2021.3.13f1/Editor/Data/Resources/UnitySubsystems
[Subsystems] Discovering subsystems at path D:/바탕화면/3D-TeamProject/Assets
GfxDevice: creating device client; threaded=0; jobified=0
Direct3D:
    Version:  Direct3D 11.0 [level 11.1]
    Renderer: NVIDIA GeForce GTX 1660 (ID=0x2184)
    Vendor:   NVIDIA
    VRAM:     5992 MB
    Driver:   31.0.15.1694
Initialize mono
Mono path[0] = 'C:/Program Files/Unity/Hub/Editor/2021.3.13f1/Editor/Data/Managed'
Mono path[1] = 'C:/Program Files/Unity/Hub/Editor/2021.3.13f1/Editor/Data/MonoBleedingEdge/lib/mono/unityjit-win32'
Mono config path = 'C:/Program Files/Unity/Hub/Editor/2021.3.13f1/Editor/Data/MonoBleedingEdge/etc'
Using monoOptions --debugger-agent=transport=dt_socket,embedding=1,server=y,suspend=n,address=127.0.0.1:56096
Begin MonoManager ReloadAssembly
Registering precompiled unity dll's ...
Register platform support module: C:/Program Files/Unity/Hub/Editor/2021.3.13f1/Editor/Data/PlaybackEngines/WindowsStandaloneSupport/UnityEditor.WindowsStandalone.Extensions.dll
Registered in 0.020644 seconds.
Native extension for WindowsStandalone target not found
Refreshing native plugins compatible for Editor in 103.91 ms, found 3 plugins.
Preloading 0 native plugins for Editor in 0.00 ms.
Mono: successfully reloaded assembly
- Completed reload, in  0.867 seconds
Domain Reload Profiling:
	ReloadAssembly (867ms)
		BeginReloadAssembly (129ms)
			ExecutionOrderSort (0ms)
			DisableScriptedObjects (0ms)
			BackupInstance (0ms)
			ReleaseScriptingObjects (0ms)
			CreateAndSetChildDomain (1ms)
		EndReloadAssembly (550ms)
			LoadAssemblies (124ms)
			RebuildTransferFunctionScriptingTraits (0ms)
			SetupTypeCache (132ms)
			ReleaseScriptCaches (0ms)
			RebuildScriptCaches (34ms)
			SetupLoadedEditorAssemblies (318ms)
				LogAssemblyErrors (0ms)
				InitializePlatformSupportModulesInManaged (11ms)
				SetLoadedEditorAssemblies (0ms)
				RefreshPlugins (104ms)
				BeforeProcessingInitializeOnLoad (1ms)
				ProcessInitializeOnLoadAttributes (138ms)
				ProcessInitializeOnLoadMethodAttributes (63ms)
				AfterProcessingInitializeOnLoad (0ms)
				EditorAssembliesLoaded (0ms)
			ExecutionOrderSort2 (0ms)
			AwakeInstancesAfterBackupRestoration (0ms)
Platform modules already initialized, skipping
Registering precompiled user dll's ...
Registered in 0.009542 seconds.
Begin MonoManager ReloadAssembly
Symbol file LoadedFromMemory doesn't match image D:\바탕화면\3D-TeamProject\Library\PackageCache\com.unity.visualscripting@1.7.8\Editor\VisualScripting.Core\Dependencies\YamlDotNet\Unity.VisualScripting.YamlDotNet.dll
Symbol file LoadedFromMemory doesn't match image D:\바탕화면\3D-TeamProject\Library\PackageCache\com.unity.visualscripting@1.7.8\Editor\VisualScripting.Core\Dependencies\DotNetZip\Unity.VisualScripting.IonicZip.dll
Native extension for WindowsStandalone target not found
Refreshing native plugins compatible for Editor in 7.78 ms, found 3 plugins.
Preloading 0 native plugins for Editor in 0.00 ms.
Mono: successfully reloaded assembly
- Completed reload, in  1.374 seconds
Domain Reload Profiling:
	ReloadAssembly (1375ms)
		BeginReloadAssembly (182ms)
			ExecutionOrderSort (0ms)
			DisableScriptedObjects (8ms)
			BackupInstance (0ms)
			ReleaseScriptingObjects (0ms)
			CreateAndSetChildDomain (23ms)
		EndReloadAssembly (1038ms)
			LoadAssemblies (157ms)
			RebuildTransferFunctionScriptingTraits (0ms)
			SetupTypeCache (337ms)
			ReleaseScriptCaches (1ms)
			RebuildScriptCaches (63ms)
			SetupLoadedEditorAssemblies (457ms)
				LogAssemblyErrors (0ms)
				InitializePlatformSupportModulesInManaged (8ms)
				SetLoadedEditorAssemblies (0ms)
				RefreshPlugins (8ms)
				BeforeProcessingInitializeOnLoad (109ms)
				ProcessInitializeOnLoadAttributes (275ms)
				ProcessInitializeOnLoadMethodAttributes (35ms)
				AfterProcessingInitializeOnLoad (21ms)
				EditorAssembliesLoaded (0ms)
			ExecutionOrderSort2 (0ms)
			AwakeInstancesAfterBackupRestoration (18ms)
Platform modules already initialized, skipping
========================================================================
Worker process is ready to serve import requests
Launched and connected shader compiler UnityShaderCompiler.exe after 0.07 seconds
Refreshing native plugins compatible for Editor in 0.65 ms, found 3 plugins.
Preloading 0 native plugins for Editor in 0.00 ms.
Unloading 3363 Unused Serialized files (Serialized files now loaded: 0)
Unloading 27 unused Assets / (113.4 KB). Loaded Objects now: 3824.
Memory consumption went from 118.4 MB to 118.3 MB.
Total: 2.817800 ms (FindLiveObjects: 0.278900 ms CreateObjectMapping: 0.253000 ms MarkObjects: 2.189300 ms  DeleteObjects: 0.095800 ms)

AssetImportParameters requested are different than current active one (requested -> active):
  custom:video-decoder-ogg-theora: a1e56fd34408186e4bbccfd4996cb3dc -> 
  custom:container-muxer-webm: aa71ff27fc2769a1b78a27578f13a17b -> 
  custom:container-demuxer-webm: 4f35f7cbe854078d1ac9338744f61a02 -> 
  custom:video-encoder-webm-vp8: eb34c28f22e8b96e1ab97ce403110664 -> 
  custom:video-codec-MediaFoundation-h265: 746d11721c4dcdbdad8f713fa42b33f4 -> 
  custom:audio-encoder-webm-vorbis: bf7c407c2cedff20999df2af8eb42d56 -> 
  custom:framework-win-MediaFoundation: 216162199b28c13a410421893ffa2e32 -> 
  custom:container-demuxer-ogg: 62fdf1f143b41e24485cea50d1cbac27 -> 
  custom:video-decoder-webm-vp8: 9c59270c3fd7afecdb556c50c9e8de78 -> 
  custom:audio-decoder-ogg-vorbis: bf7c407c2cedff20999df2af8eb42d56 -> 
========================================================================
Received Import Request.
  Time since last request: 1690471.180610 seconds.
  path: Assets/Sci-Fi Styled Modular Pack/Models/battery.fbx
  artifactKey: Guid(154329710c2ffe04397c646ac704cdce) Importer(815301076,1909f56bfc062723c751e8b465ee728b)
Start importing Assets/Sci-Fi Styled Modular Pack/Models/battery.fbx using Guid(154329710c2ffe04397c646ac704cdce) Importer(815301076,1909f56bfc062723c751e8b465ee728b)  -> (artifact id: 'd787929dacb9fb0686aad864982c397a') in 0.277628 seconds 
========================================================================
Received Import Request.
  Time since last request: 0.000023 seconds.
  path: Assets/Sci-Fi Styled Modular Pack/Models/art_1.fbx
  artifactKey: Guid(eb75e9f492c943a4dac52c742f729357) Importer(815301076,1909f56bfc062723c751e8b465ee728b)
Start importing Assets/Sci-Fi Styled Modular Pack/Models/art_1.fbx using Guid(eb75e9f492c943a4dac52c742f729357) Importer(815301076,1909f56bfc062723c751e8b465ee728b)  -> (artifact id: '9b7cb6e1615cb8d835915825861e42bf') in 0.029830 seconds 
========================================================================
Received Import Request.
  Time since last request: 0.000023 seconds.
  path: Assets/Sci-Fi Styled Modular Pack/Models/art_6.fbx
  artifactKey: Guid(a39d814f15db1874aa26081d239b1b10) Importer(815301076,1909f56bfc062723c751e8b465ee728b)
Start importing Assets/Sci-Fi Styled Modular Pack/Models/art_6.fbx using Guid(a39d814f15db1874aa26081d239b1b10) Importer(815301076,1909f56bfc062723c751e8b465ee728b)  -> (artifact id: '537d3b4ac4528de2adf37f4a5273dac4') in 0.027985 seconds 
========================================================================
Received Import Request.
  Time since last request: 0.000017 seconds.
  path: Assets/Sci-Fi Styled Modular Pack/Models/art_3.fbx
  artifactKey: Guid(3bfbdc734e9c13841add85180e90c4c0) Importer(815301076,1909f56bfc062723c751e8b465ee728b)
Start importing Assets/Sci-Fi Styled Modular Pack/Models/art_3.fbx using Guid(3bfbdc734e9c13841add85180e90c4c0) Importer(815301076,1909f56bfc062723c751e8b465ee728b)  -> (artifact id: '7560997761671d6a9dcc61d7d9f9e37f') in 0.032513 seconds 
========================================================================
Received Import Request.
  Time since last request: 0.000025 seconds.
  path: Assets/Sci-Fi Styled Modular Pack/Models/bed.fbx
  artifactKey: Guid(9f483ba0e96f1414a84ea4b0fbc13414) Importer(815301076,1909f56bfc062723c751e8b465ee728b)
Start importing Assets/Sci-Fi Styled Modular Pack/Models/bed.fbx using Guid(9f483ba0e96f1414a84ea4b0fbc13414) Importer(815301076,1909f56bfc062723c751e8b465ee728b)  -> (artifact id: '1eef4c99b3870a612716da7e1dd671d3') in 0.042333 seconds 
========================================================================
Received Import Request.
  Time since last request: 0.000022 seconds.
  path: Assets/Sci-Fi Styled Modular Pack/Models/art_4.fbx
  artifactKey: Guid(c03a6c397607c84439753a0506e06e04) Importer(815301076,1909f56bfc062723c751e8b465ee728b)
Start importing Assets/Sci-Fi Styled Modular Pack/Models/art_4.fbx using Guid(c03a6c397607c84439753a0506e06e04) Importer(815301076,1909f56bfc062723c751e8b465ee728b)  -> (artifact id: 'd60033199c006ced28073e0731893d79') in 0.103510 seconds 
========================================================================
Received Import Request.
  Time since last request: 5.719185 seconds.
  path: Assets/Sci-Fi Styled Modular Pack/Materials/Palletes/coffee color.mat
  artifactKey: Guid(0dc773308a90b4d46b08202cbde5b80d) Importer(815301076,1909f56bfc062723c751e8b465ee728b)
Start importing Assets/Sci-Fi Styled Modular Pack/Materials/Palletes/coffee color.mat using Guid(0dc773308a90b4d46b08202cbde5b80d) Importer(815301076,1909f56bfc062723c751e8b465ee728b)  -> (artifact id: 'ed6c328ba43c1e4794156f20044077b0') in 0.101383 seconds 
========================================================================
Received Import Request.
  Time since last request: 0.000026 seconds.
  path: Assets/Sci-Fi Styled Modular Pack/Materials/Palletes/iron man color.mat
  artifactKey: Guid(66fe1a0e0becc6f4bbc49896f2111756) Importer(815301076,1909f56bfc062723c751e8b465ee728b)
Start importing Assets/Sci-Fi Styled Modular Pack/Materials/Palletes/iron man color.mat using Guid(66fe1a0e0becc6f4bbc49896f2111756) Importer(815301076,1909f56bfc062723c751e8b465ee728b)  -> (artifact id: 'ff6c8b2b846242836c63680001092aac') in 0.041866 seconds 
========================================================================
Received Import Request.
  Time since last request: 40.989320 seconds.
  path: Assets/Sci-Fi Styled Modular Pack/Prefabs/Decorative elements/bulletin_board_big.prefab
  artifactKey: Guid(9050f6c8a29d61f49ac1b3052875c968) Importer(815301076,1909f56bfc062723c751e8b465ee728b)
Start importing Assets/Sci-Fi Styled Modular Pack/Prefabs/Decorative elements/bulletin_board_big.prefab using Guid(9050f6c8a29d61f49ac1b3052875c968) Importer(815301076,1909f56bfc062723c751e8b465ee728b)  -> (artifact id: '8d2c0c2cb0d241adeb57d6ab43e33f86') in 0.028924 seconds 
========================================================================
Received Import Request.
  Time since last request: 0.000020 seconds.
  path: Assets/Sci-Fi Styled Modular Pack/Prefabs/Decorative elements/cabinet_L.prefab
  artifactKey: Guid(04ced07fc5a1dbb45906c40768747c8a) Importer(815301076,1909f56bfc062723c751e8b465ee728b)
Start importing Assets/Sci-Fi Styled Modular Pack/Prefabs/Decorative elements/cabinet_L.prefab using Guid(04ced07fc5a1dbb45906c40768747c8a) Importer(815301076,1909f56bfc062723c751e8b465ee728b)  -> (artifact id: '5775c030415d71a62260078bc9d8bd1e') in 0.055058 seconds 
========================================================================
Received Import Request.
  Time since last request: 17.275498 seconds.
  path: Assets/Sci-Fi Styled Modular Pack/Prefabs/Decorative elements/decorative_plant.prefab
  artifactKey: Guid(83a919b0e630c394780833b59a51ab4f) Importer(815301076,1909f56bfc062723c751e8b465ee728b)
Start importing Assets/Sci-Fi Styled Modular Pack/Prefabs/Decorative elements/decorative_plant.prefab using Guid(83a919b0e630c394780833b59a51ab4f) Importer(815301076,1909f56bfc062723c751e8b465ee728b)  -> (artifact id: '0c2b5b1ab9d152372e5b3bd1c04e5d8f') in 0.032009 seconds 
========================================================================
Received Import Request.
  Time since last request: 4.330769 seconds.
  path: Assets/Sci-Fi Styled Modular Pack/Prefabs/Decorative elements/double_bed.prefab
  artifactKey: Guid(4d7b74a926e2914419d3d0bda63ce844) Importer(815301076,1909f56bfc062723c751e8b465ee728b)
Start importing Assets/Sci-Fi Styled Modular Pack/Prefabs/Decorative elements/double_bed.prefab using Guid(4d7b74a926e2914419d3d0bda63ce844) Importer(815301076,1909f56bfc062723c751e8b465ee728b)  -> (artifact id: '3904dfa17544541539a204f69a118c79') in 0.040683 seconds 
========================================================================
Received Import Request.
  Time since last request: 9.732549 seconds.
  path: Assets/Sci-Fi Styled Modular Pack/Prefabs/Corridors/Corridor_3.prefab
  artifactKey: Guid(abfbd13ce6faa9e48ae2b9da1b4dd476) Importer(815301076,1909f56bfc062723c751e8b465ee728b)
Start importing Assets/Sci-Fi Styled Modular Pack/Prefabs/Corridors/Corridor_3.prefab using Guid(abfbd13ce6faa9e48ae2b9da1b4dd476) Importer(815301076,1909f56bfc062723c751e8b465ee728b)  -> (artifact id: '7da037fa847872b472b707321390accc') in 0.034224 seconds 
========================================================================
Received Import Request.
  Time since last request: 0.000024 seconds.
  path: Assets/Sci-Fi Styled Modular Pack/Prefabs/Corridors/Corridor_X.prefab
  artifactKey: Guid(d17bc9c1cdef1c5448255edad31c1c61) Importer(815301076,1909f56bfc062723c751e8b465ee728b)
Start importing Assets/Sci-Fi Styled Modular Pack/Prefabs/Corridors/Corridor_X.prefab using Guid(d17bc9c1cdef1c5448255edad31c1c61) Importer(815301076,1909f56bfc062723c751e8b465ee728b)  -> (artifact id: '24f416069afe6f7e2053b008022fb573') in 0.042874 seconds 
========================================================================
Received Import Request.
  Time since last request: 0.000041 seconds.
  path: Assets/Sci-Fi Styled Modular Pack/Prefabs/Corridors/Corridor_L.prefab
  artifactKey: Guid(3fb07e96bb0cae643a28994c86ddc64e) Importer(815301076,1909f56bfc062723c751e8b465ee728b)
Start importing Assets/Sci-Fi Styled Modular Pack/Prefabs/Corridors/Corridor_L.prefab using Guid(3fb07e96bb0cae643a28994c86ddc64e) Importer(815301076,1909f56bfc062723c751e8b465ee728b)  -> (artifact id: 'f89d18d419984dcbc7b5e58ea4708097') in 0.032325 seconds 
========================================================================
Received Import Request.
  Time since last request: 0.902195 seconds.
  path: Assets/Sci-Fi Styled Modular Pack/Prefabs/Doors/door_3.prefab
  artifactKey: Guid(2d927feb0fbf1a7429c095369d395de7) Importer(815301076,1909f56bfc062723c751e8b465ee728b)
Start importing Assets/Sci-Fi Styled Modular Pack/Prefabs/Doors/door_3.prefab using Guid(2d927feb0fbf1a7429c095369d395de7) Importer(815301076,1909f56bfc062723c751e8b465ee728b)  -> (artifact id: '3b552d53d61489014ad06db709994678') in 0.166042 seconds 
========================================================================
Received Import Request.
  Time since last request: 0.489186 seconds.
  path: Assets/Sci-Fi Styled Modular Pack/Prefabs/Extended Primitives/Cube_2x2_extended.prefab
  artifactKey: Guid(6e1e6e01e60af9e4abae4d324b854198) Importer(815301076,1909f56bfc062723c751e8b465ee728b)
Start importing Assets/Sci-Fi Styled Modular Pack/Prefabs/Extended Primitives/Cube_2x2_extended.prefab using Guid(6e1e6e01e60af9e4abae4d324b854198) Importer(815301076,1909f56bfc062723c751e8b465ee728b)  -> (artifact id: '2f3699b22cd06a4453d35a2a2dc1de6d') in 0.031522 seconds 
========================================================================
Received Import Request.
  Time since last request: 0.000027 seconds.
  path: Assets/Sci-Fi Styled Modular Pack/Prefabs/Extended Primitives/Cylinder_16_extended.prefab
  artifactKey: Guid(3f6d5a55a145f4f40bebd7d054c548f0) Importer(815301076,1909f56bfc062723c751e8b465ee728b)
Start importing Assets/Sci-Fi Styled Modular Pack/Prefabs/Extended Primitives/Cylinder_16_extended.prefab using Guid(3f6d5a55a145f4f40bebd7d054c548f0) Importer(815301076,1909f56bfc062723c751e8b465ee728b)  -> (artifact id: '95a13b89b0a8d9fdf0e3d726483d1640') in 0.024521 seconds 
========================================================================
Received Import Request.
  Time since last request: 7.303935 seconds.
  path: Assets/Sci-Fi Styled Modular Pack/Prefabs/Floors/floor_2_blank.prefab
  artifactKey: Guid(69b3d20c177508d43a1c6f09b448d3ea) Importer(815301076,1909f56bfc062723c751e8b465ee728b)
Start importing Assets/Sci-Fi Styled Modular Pack/Prefabs/Floors/floor_2_blank.prefab using Guid(69b3d20c177508d43a1c6f09b448d3ea) Importer(815301076,1909f56bfc062723c751e8b465ee728b)  -> (artifact id: 'c26e81db742000abf175aa01b8dfef50') in 0.028674 seconds 
========================================================================
Received Import Request.
  Time since last request: 0.000019 seconds.
  path: Assets/Sci-Fi Styled Modular Pack/Prefabs/Floors/floor_3_no_clamps.prefab
  artifactKey: Guid(d4c686e5f86722a409d1d35154c22d14) Importer(815301076,1909f56bfc062723c751e8b465ee728b)
Start importing Assets/Sci-Fi Styled Modular Pack/Prefabs/Floors/floor_3_no_clamps.prefab using Guid(d4c686e5f86722a409d1d35154c22d14) Importer(815301076,1909f56bfc062723c751e8b465ee728b)  -> (artifact id: '18faceb5049367637725851e53f92f01') in 0.047526 seconds 
========================================================================
Received Import Request.
  Time since last request: 0.000019 seconds.
  path: Assets/Sci-Fi Styled Modular Pack/Prefabs/Floors/floor_2_no_lattice.prefab
  artifactKey: Guid(4e32615977c0a9f4688fa0d66b0a93e5) Importer(815301076,1909f56bfc062723c751e8b465ee728b)
Start importing Assets/Sci-Fi Styled Modular Pack/Prefabs/Floors/floor_2_no_lattice.prefab using Guid(4e32615977c0a9f4688fa0d66b0a93e5) Importer(815301076,1909f56bfc062723c751e8b465ee728b)  -> (artifact id: '801af6d8ec1cbcfb5e6814e590e198d1') in 0.028191 seconds 
========================================================================
Received Import Request.
  Time since last request: 0.450062 seconds.
  path: Assets/Sci-Fi Styled Modular Pack/Prefabs/Joints/Joint_Y_6.prefab
  artifactKey: Guid(a7e2f529ec077f5449e53f9dd39452fe) Importer(815301076,1909f56bfc062723c751e8b465ee728b)
Start importing Assets/Sci-Fi Styled Modular Pack/Prefabs/Joints/Joint_Y_6.prefab using Guid(a7e2f529ec077f5449e53f9dd39452fe) Importer(815301076,1909f56bfc062723c751e8b465ee728b)  -> (artifact id: '146fa589498f7c676dff16c1620076cf') in 0.065943 seconds 
========================================================================
Received Import Request.
  Time since last request: 0.597075 seconds.
  path: Assets/Sci-Fi Styled Modular Pack/Prefabs/Lights/light_corner_1.prefab
  artifactKey: Guid(43373d8b4f572cf468859751b9dcbbfd) Importer(815301076,1909f56bfc062723c751e8b465ee728b)
Start importing Assets/Sci-Fi Styled Modular Pack/Prefabs/Lights/light_corner_1.prefab using Guid(43373d8b4f572cf468859751b9dcbbfd) Importer(815301076,1909f56bfc062723c751e8b465ee728b)  -> (artifact id: 'a7f2b366685757b76dae2e6bef94e7d7') in 0.079750 seconds 
========================================================================
Received Import Request.
  Time since last request: 0.000024 seconds.
  path: Assets/Sci-Fi Styled Modular Pack/Prefabs/Lights/light_wall_2_blue.prefab
  artifactKey: Guid(5412c75372d92be4484fa4a55b5c99e3) Importer(815301076,1909f56bfc062723c751e8b465ee728b)
Start importing Assets/Sci-Fi Styled Modular Pack/Prefabs/Lights/light_wall_2_blue.prefab using Guid(5412c75372d92be4484fa4a55b5c99e3) Importer(815301076,1909f56bfc062723c751e8b465ee728b)  -> (artifact id: 'eddeeef18d076134f97474a40361dcf9') in 0.066443 seconds 
========================================================================
Received Import Request.
  Time since last request: 0.000044 seconds.
  path: Assets/Sci-Fi Styled Modular Pack/Prefabs/Lights/light_wall_2.prefab
  artifactKey: Guid(8e32be8f06ec06448ac537b609c2d7f7) Importer(815301076,1909f56bfc062723c751e8b465ee728b)
Start importing Assets/Sci-Fi Styled Modular Pack/Prefabs/Lights/light_wall_2.prefab using Guid(8e32be8f06ec06448ac537b609c2d7f7) Importer(815301076,1909f56bfc062723c751e8b465ee728b)  -> (artifact id: 'b3f2ed07f0732063835fce97c463f990') in 0.074066 seconds 
========================================================================
Received Import Request.
  Time since last request: 0.000028 seconds.
  path: Assets/Sci-Fi Styled Modular Pack/Prefabs/Lights/light_wall_3_blue.prefab
  artifactKey: Guid(8b5797a18349fb546be8acddc71151ff) Importer(815301076,1909f56bfc062723c751e8b465ee728b)
Start importing Assets/Sci-Fi Styled Modular Pack/Prefabs/Lights/light_wall_3_blue.prefab using Guid(8b5797a18349fb546be8acddc71151ff) Importer(815301076,1909f56bfc062723c751e8b465ee728b)  -> (artifact id: 'bb54b399fa75cb556dbd98c6181d4cc5') in 0.055158 seconds 
========================================================================
Received Import Request.
  Time since last request: 38.785725 seconds.
  path: Assets/Sci-Fi Styled Modular Pack/Prefabs/Stairs/stairs_small_corner_no_emmision.prefab
  artifactKey: Guid(3d66cc8d7758e37499c32d6157d2e4d9) Importer(815301076,1909f56bfc062723c751e8b465ee728b)
Start importing Assets/Sci-Fi Styled Modular Pack/Prefabs/Stairs/stairs_small_corner_no_emmision.prefab using Guid(3d66cc8d7758e37499c32d6157d2e4d9) Importer(815301076,1909f56bfc062723c751e8b465ee728b)  -> (artifact id: '08e19c8a0065fdaca142f35d0957c83b') in 0.059996 seconds 
========================================================================
Received Import Request.
  Time since last request: 0.609186 seconds.
  path: Assets/Sci-Fi Styled Modular Pack/Prefabs/Walls/decorative_wall_3.prefab
  artifactKey: Guid(2216270888a4ced48b33b7b5641611e6) Importer(815301076,1909f56bfc062723c751e8b465ee728b)
Start importing Assets/Sci-Fi Styled Modular Pack/Prefabs/Walls/decorative_wall_3.prefab using Guid(2216270888a4ced48b33b7b5641611e6) Importer(815301076,1909f56bfc062723c751e8b465ee728b)  -> (artifact id: 'e5157e98fc19b781d586af8271f98499') in 0.047257 seconds 
========================================================================
Received Import Request.
  Time since last request: 0.000020 seconds.
  path: Assets/Sci-Fi Styled Modular Pack/Prefabs/Walls/glass_panel_1.prefab
  artifactKey: Guid(a5cd29a93d7ae2d488fa0376d0d08462) Importer(815301076,1909f56bfc062723c751e8b465ee728b)
Start importing Assets/Sci-Fi Styled Modular Pack/Prefabs/Walls/glass_panel_1.prefab using Guid(a5cd29a93d7ae2d488fa0376d0d08462) Importer(815301076,1909f56bfc062723c751e8b465ee728b)  -> (artifact id: 'd2b84f2560148c894098213a6111487a') in 0.043521 seconds 
========================================================================
Received Import Request.
  Time since last request: 0.000026 seconds.
  path: Assets/Sci-Fi Styled Modular Pack/Prefabs/Walls/glass_panel_1_corner.prefab
  artifactKey: Guid(8c3a444b099b80643a84476bfefca60d) Importer(815301076,1909f56bfc062723c751e8b465ee728b)
Start importing Assets/Sci-Fi Styled Modular Pack/Prefabs/Walls/glass_panel_1_corner.prefab using Guid(8c3a444b099b80643a84476bfefca60d) Importer(815301076,1909f56bfc062723c751e8b465ee728b)  -> (artifact id: '4ffd4bc138c6568ff9803642f3bff836') in 0.032374 seconds 
========================================================================
Received Import Request.
  Time since last request: 0.759034 seconds.
  path: Assets/Sci-Fi Styled Modular Pack/Prefabs/Walls/Half walls/decorative_half_wall_3_LOD.prefab
  artifactKey: Guid(9cf71dac1b15d4546836049ad611cbc9) Importer(815301076,1909f56bfc062723c751e8b465ee728b)
Start importing Assets/Sci-Fi Styled Modular Pack/Prefabs/Walls/Half walls/decorative_half_wall_3_LOD.prefab using Guid(9cf71dac1b15d4546836049ad611cbc9) Importer(815301076,1909f56bfc062723c751e8b465ee728b)  -> (artifact id: '135c6926db99d11f59302da2fa4b103c') in 0.088612 seconds 
========================================================================
Received Import Request.
  Time since last request: 0.000027 seconds.
  path: Assets/Sci-Fi Styled Modular Pack/Prefabs/Walls/Half walls/decorative_half_wall_6.prefab
  artifactKey: Guid(b2921be07fb71344985447616d3d64d7) Importer(815301076,1909f56bfc062723c751e8b465ee728b)
Start importing Assets/Sci-Fi Styled Modular Pack/Prefabs/Walls/Half walls/decorative_half_wall_6.prefab using Guid(b2921be07fb71344985447616d3d64d7) Importer(815301076,1909f56bfc062723c751e8b465ee728b)  -> (artifact id: '251a4bab40a6e536f013356d2548378b') in 0.023156 seconds 
========================================================================
Received Import Request.
  Time since last request: 0.633054 seconds.
  path: Assets/Sci-Fi Styled Modular Pack/Prefabs/Walls/Simple/blank_wall_C.prefab
  artifactKey: Guid(8d76d7bf209da5b44a73507c804295d4) Importer(815301076,1909f56bfc062723c751e8b465ee728b)
Start importing Assets/Sci-Fi Styled Modular Pack/Prefabs/Walls/Simple/blank_wall_C.prefab using Guid(8d76d7bf209da5b44a73507c804295d4) Importer(815301076,1909f56bfc062723c751e8b465ee728b)  -> (artifact id: 'c468cd7c2d541d9f41768f8ffdf77709') in 0.036959 seconds 
========================================================================
Received Import Request.
  Time since last request: 0.000018 seconds.
  path: Assets/Sci-Fi Styled Modular Pack/Prefabs/Walls/Simple/decorative_wall_G.prefab
  artifactKey: Guid(7f83c849ebc7c304e8ffbc4bfe60857a) Importer(815301076,1909f56bfc062723c751e8b465ee728b)
Start importing Assets/Sci-Fi Styled Modular Pack/Prefabs/Walls/Simple/decorative_wall_G.prefab using Guid(7f83c849ebc7c304e8ffbc4bfe60857a) Importer(815301076,1909f56bfc062723c751e8b465ee728b)  -> (artifact id: '305d6c280ff75777fb30ab21e1642393') in 0.026492 seconds 
========================================================================
Received Import Request.
  Time since last request: 0.000038 seconds.
  path: Assets/Sci-Fi Styled Modular Pack/Prefabs/Walls/Simple/blank_wall_D.prefab
  artifactKey: Guid(8641c0ea619290f46a68c207dc6ff828) Importer(815301076,1909f56bfc062723c751e8b465ee728b)
Start importing Assets/Sci-Fi Styled Modular Pack/Prefabs/Walls/Simple/blank_wall_D.prefab using Guid(8641c0ea619290f46a68c207dc6ff828) Importer(815301076,1909f56bfc062723c751e8b465ee728b)  -> (artifact id: '129c9dbadd8b5ca452a2896193e14216') in 0.034045 seconds 
========================================================================
Received Import Request.
  Time since last request: 0.581163 seconds.
  path: Assets/Sci-Fi Styled Modular Pack/Prefabs/Windows/window_big_blocker_2.prefab
  artifactKey: Guid(6dc2880f157b0954f94e34369a97cc6f) Importer(815301076,1909f56bfc062723c751e8b465ee728b)
Start importing Assets/Sci-Fi Styled Modular Pack/Prefabs/Windows/window_big_blocker_2.prefab using Guid(6dc2880f157b0954f94e34369a97cc6f) Importer(815301076,1909f56bfc062723c751e8b465ee728b)  -> (artifact id: '0aea60b06098f4508b4850ad0c3030ab') in 0.042761 seconds 
========================================================================
Received Import Request.
  Time since last request: 0.011653 seconds.
  path: Assets/Sci-Fi Styled Modular Pack/Prefabs/Windows/window_big_corner_far.prefab
  artifactKey: Guid(f1e5cb2f014b6834b849c918ab359508) Importer(815301076,1909f56bfc062723c751e8b465ee728b)
Start importing Assets/Sci-Fi Styled Modular Pack/Prefabs/Windows/window_big_corner_far.prefab using Guid(f1e5cb2f014b6834b849c918ab359508) Importer(815301076,1909f56bfc062723c751e8b465ee728b)  -> (artifact id: '0ace9bb22bb0bfa6cdb4ccde71652bd2') in 0.021741 seconds 
========================================================================
Received Import Request.
  Time since last request: 0.000017 seconds.
  path: Assets/Sci-Fi Styled Modular Pack/Prefabs/Windows/window_big_no_LOD.prefab
  artifactKey: Guid(9e613db9d284cc14a9b0209f88d3b941) Importer(815301076,1909f56bfc062723c751e8b465ee728b)
Start importing Assets/Sci-Fi Styled Modular Pack/Prefabs/Windows/window_big_no_LOD.prefab using Guid(9e613db9d284cc14a9b0209f88d3b941) Importer(815301076,1909f56bfc062723c751e8b465ee728b)  -> (artifact id: '7c402bea114bea1f8071682b5bdd81d7') in 0.023913 seconds 
========================================================================
Received Import Request.
  Time since last request: 0.386145 seconds.
  path: Assets/Sci-Fi Styled Modular Pack/Prefabs/Windows/Complete Windows/window_big_corner.prefab
  artifactKey: Guid(b640a38ee3c65bc45963bd2f2f5b867f) Importer(815301076,1909f56bfc062723c751e8b465ee728b)
Start importing Assets/Sci-Fi Styled Modular Pack/Prefabs/Windows/Complete Windows/window_big_corner.prefab using Guid(b640a38ee3c65bc45963bd2f2f5b867f) Importer(815301076,1909f56bfc062723c751e8b465ee728b)  -> (artifact id: '4133fef76c7e6c3730e5652282ace856') in 0.024749 seconds 
========================================================================
Received Import Request.
  Time since last request: 15.681048 seconds.
  path: Assets/Sci-Fi Styled Modular Pack/Prefabs/Decorative elements/Arts/art_3.prefab
  artifactKey: Guid(570e2548a8f74734e8a712c7c4f6ab0c) Importer(815301076,1909f56bfc062723c751e8b465ee728b)
Start importing Assets/Sci-Fi Styled Modular Pack/Prefabs/Decorative elements/Arts/art_3.prefab using Guid(570e2548a8f74734e8a712c7c4f6ab0c) Importer(815301076,1909f56bfc062723c751e8b465ee728b)  -> (artifact id: '3e8bef3c2f732e0e6e660d9b46616bcd') in 0.025029 seconds 
========================================================================
Received Import Request.
  Time since last request: 0.000021 seconds.
  path: Assets/Sci-Fi Styled Modular Pack/Prefabs/Decorative elements/Arts/art_6.prefab
  artifactKey: Guid(52c2612af80526741a33c2092448618c) Importer(815301076,1909f56bfc062723c751e8b465ee728b)
Start importing Assets/Sci-Fi Styled Modular Pack/Prefabs/Decorative elements/Arts/art_6.prefab using Guid(52c2612af80526741a33c2092448618c) Importer(815301076,1909f56bfc062723c751e8b465ee728b)  -> (artifact id: 'b50554a72cc711d268ece3c6f38959ed') in 0.026770 seconds 
Editor requested this worker to shutdown with reason: Scaling down because of idle timeout
AssetImportWorker is now disconnected from the server
Process exiting
Exiting without the bug reporter. Application will terminate with return code 0