Using pre-set license
Built from '2021.3/staging' branch; Version is '2021.3.13f1 (9e7d58001ecf) revision 10386776'; Using compiler version '192829333'; Build Type 'Release'
OS: 'Windows 11  (10.0.22000) 64bit Education' Language: 'ko' Physical Memory: 16197 MB
BatchMode: 1, IsHumanControllingUs: 0, StartBugReporterOnCrash: 0, Is64bit: 1, IsPro: 1

COMMAND LINE ARGUMENTS:
C:\Program Files\Unity\Hub\Editor\2021.3.13f1\Editor\Unity.exe
-adb2
-batchMode
-noUpm
-name
AssetImportWorker5
-projectPath
C:/2022git/3D-Team/3D-TeamProject
-logFile
Logs/AssetImportWorker5.log
-srvPort
49961
Successfully changed project path to: C:/2022git/3D-Team/3D-TeamProject
C:/2022git/3D-Team/3D-TeamProject
[UnityMemory] Configuration Parameters - Can be set up in boot.config
    "memorysetup-bucket-allocator-granularity=16"
    "memorysetup-bucket-allocator-bucket-count=8"
    "memorysetup-bucket-allocator-block-size=33554432"
    "memorysetup-bucket-allocator-block-count=8"
    "memorysetup-main-allocator-block-size=16777216"
    "memorysetup-thread-allocator-block-size=16777216"
    "memorysetup-gfx-main-allocator-block-size=16777216"
    "memorysetup-gfx-thread-allocator-block-size=16777216"
    "memorysetup-cache-allocator-block-size=4194304"
    "memorysetup-typetree-allocator-block-size=2097152"
    "memorysetup-profiler-bucket-allocator-granularity=16"
    "memorysetup-profiler-bucket-allocator-bucket-count=8"
    "memorysetup-profiler-bucket-allocator-block-size=33554432"
    "memorysetup-profiler-bucket-allocator-block-count=8"
    "memorysetup-profiler-allocator-block-size=16777216"
    "memorysetup-profiler-editor-allocator-block-size=1048576"
    "memorysetup-temp-allocator-size-main=16777216"
    "memorysetup-job-temp-allocator-block-size=2097152"
    "memorysetup-job-temp-allocator-block-size-background=1048576"
    "memorysetup-job-temp-allocator-reduction-small-platforms=262144"
    "memorysetup-temp-allocator-size-background-worker=32768"
    "memorysetup-temp-allocator-size-job-worker=262144"
    "memorysetup-temp-allocator-size-preload-manager=33554432"
    "memorysetup-temp-allocator-size-nav-mesh-worker=65536"
    "memorysetup-temp-allocator-size-audio-worker=65536"
    "memorysetup-temp-allocator-size-cloud-worker=32768"
    "memorysetup-temp-allocator-size-gi-baking-worker=262144"
    "memorysetup-temp-allocator-size-gfx=262144"
Refreshing native plugins compatible for Editor in 66.05 ms, found 3 plugins.
Preloading 0 native plugins for Editor in 0.00 ms.
Initialize engine version: 2021.3.13f1 (9e7d58001ecf)
[Subsystems] Discovering subsystems at path C:/Program Files/Unity/Hub/Editor/2021.3.13f1/Editor/Data/Resources/UnitySubsystems
[Subsystems] Discovering subsystems at path C:/2022git/3D-Team/3D-TeamProject/Assets
GfxDevice: creating device client; threaded=0; jobified=0
Direct3D:
    Version:  Direct3D 11.0 [level 11.1]
    Renderer: NVIDIA GeForce GTX 1650 (ID=0x1f82)
    Vendor:   NVIDIA
    VRAM:     3962 MB
    Driver:   27.21.14.5671
Initialize mono
Mono path[0] = 'C:/Program Files/Unity/Hub/Editor/2021.3.13f1/Editor/Data/Managed'
Mono path[1] = 'C:/Program Files/Unity/Hub/Editor/2021.3.13f1/Editor/Data/MonoBleedingEdge/lib/mono/unityjit-win32'
Mono config path = 'C:/Program Files/Unity/Hub/Editor/2021.3.13f1/Editor/Data/MonoBleedingEdge/etc'
Using monoOptions --debugger-agent=transport=dt_socket,embedding=1,server=y,suspend=n,address=127.0.0.1:56544
Begin MonoManager ReloadAssembly
Registering precompiled unity dll's ...
Register platform support module: C:/Program Files/Unity/Hub/Editor/2021.3.13f1/Editor/Data/PlaybackEngines/WindowsStandaloneSupport/UnityEditor.WindowsStandalone.Extensions.dll
Registered in 0.006812 seconds.
Native extension for WindowsStandalone target not found
Refreshing native plugins compatible for Editor in 59.68 ms, found 3 plugins.
Preloading 0 native plugins for Editor in 0.00 ms.
Mono: successfully reloaded assembly
- Completed reload, in  0.479 seconds
Domain Reload Profiling:
	ReloadAssembly (479ms)
		BeginReloadAssembly (71ms)
			ExecutionOrderSort (0ms)
			DisableScriptedObjects (0ms)
			BackupInstance (0ms)
			ReleaseScriptingObjects (0ms)
			CreateAndSetChildDomain (1ms)
		EndReloadAssembly (322ms)
			LoadAssemblies (68ms)
			RebuildTransferFunctionScriptingTraits (0ms)
			SetupTypeCache (72ms)
			ReleaseScriptCaches (0ms)
			RebuildScriptCaches (20ms)
			SetupLoadedEditorAssemblies (191ms)
				LogAssemblyErrors (0ms)
				InitializePlatformSupportModulesInManaged (6ms)
				SetLoadedEditorAssemblies (0ms)
				RefreshPlugins (60ms)
				BeforeProcessingInitializeOnLoad (1ms)
				ProcessInitializeOnLoadAttributes (86ms)
				ProcessInitializeOnLoadMethodAttributes (37ms)
				AfterProcessingInitializeOnLoad (0ms)
				EditorAssembliesLoaded (0ms)
			ExecutionOrderSort2 (0ms)
			AwakeInstancesAfterBackupRestoration (0ms)
Platform modules already initialized, skipping
Registering precompiled user dll's ...
Registered in 0.006481 seconds.
Begin MonoManager ReloadAssembly
Symbol file LoadedFromMemory doesn't match image C:\2022git\3D-Team\3D-TeamProject\Library\PackageCache\com.unity.visualscripting@1.7.8\Editor\VisualScripting.Core\Dependencies\YamlDotNet\Unity.VisualScripting.YamlDotNet.dll
Symbol file LoadedFromMemory doesn't match image C:\2022git\3D-Team\3D-TeamProject\Library\PackageCache\com.unity.visualscripting@1.7.8\Editor\VisualScripting.Core\Dependencies\DotNetZip\Unity.VisualScripting.IonicZip.dll
Native extension for WindowsStandalone target not found
Refreshing native plugins compatible for Editor in 0.47 ms, found 3 plugins.
Preloading 0 native plugins for Editor in 0.00 ms.
Mono: successfully reloaded assembly
- Completed reload, in  0.809 seconds
Domain Reload Profiling:
	ReloadAssembly (810ms)
		BeginReloadAssembly (96ms)
			ExecutionOrderSort (0ms)
			DisableScriptedObjects (6ms)
			BackupInstance (0ms)
			ReleaseScriptingObjects (0ms)
			CreateAndSetChildDomain (14ms)
		EndReloadAssembly (621ms)
			LoadAssemblies (81ms)
			RebuildTransferFunctionScriptingTraits (0ms)
			SetupTypeCache (185ms)
			ReleaseScriptCaches (0ms)
			RebuildScriptCaches (43ms)
			SetupLoadedEditorAssemblies (280ms)
				LogAssemblyErrors (0ms)
				InitializePlatformSupportModulesInManaged (5ms)
				SetLoadedEditorAssemblies (0ms)
				RefreshPlugins (1ms)
				BeforeProcessingInitializeOnLoad (65ms)
				ProcessInitializeOnLoadAttributes (173ms)
				ProcessInitializeOnLoadMethodAttributes (27ms)
				AfterProcessingInitializeOnLoad (8ms)
				EditorAssembliesLoaded (0ms)
			ExecutionOrderSort2 (0ms)
			AwakeInstancesAfterBackupRestoration (9ms)
Platform modules already initialized, skipping
========================================================================
Worker process is ready to serve import requests
Launched and connected shader compiler UnityShaderCompiler.exe after 0.05 seconds
Refreshing native plugins compatible for Editor in 0.51 ms, found 3 plugins.
Preloading 0 native plugins for Editor in 0.00 ms.
Unloading 3365 Unused Serialized files (Serialized files now loaded: 0)
Unloading 27 unused Assets / (113.5 KB). Loaded Objects now: 3826.
Memory consumption went from 118.4 MB to 118.3 MB.
Total: 2.272900 ms (FindLiveObjects: 0.178200 ms CreateObjectMapping: 0.080800 ms MarkObjects: 1.927400 ms  DeleteObjects: 0.085900 ms)

AssetImportParameters requested are different than current active one (requested -> active):
  custom:video-decoder-ogg-theora: a1e56fd34408186e4bbccfd4996cb3dc -> 
  custom:container-muxer-webm: aa71ff27fc2769a1b78a27578f13a17b -> 
  custom:container-demuxer-webm: 4f35f7cbe854078d1ac9338744f61a02 -> 
  custom:video-encoder-webm-vp8: eb34c28f22e8b96e1ab97ce403110664 -> 
  custom:audio-encoder-webm-vorbis: bf7c407c2cedff20999df2af8eb42d56 -> 
  custom:framework-win-MediaFoundation: 216162199b28c13a410421893ffa2e32 -> 
  custom:container-demuxer-ogg: 62fdf1f143b41e24485cea50d1cbac27 -> 
  custom:video-decoder-webm-vp8: 9c59270c3fd7afecdb556c50c9e8de78 -> 
  custom:audio-decoder-ogg-vorbis: bf7c407c2cedff20999df2af8eb42d56 -> 
========================================================================
Received Import Request.
  Time since last request: 94922.367341 seconds.
  path: Assets/Sci-Fi Styled Modular Pack/Materials/window.mat
  artifactKey: Guid(6df5b81390f2c8d4d967baea2b0a190e) Importer(815301076,1909f56bfc062723c751e8b465ee728b)
Start importing Assets/Sci-Fi Styled Modular Pack/Materials/window.mat using Guid(6df5b81390f2c8d4d967baea2b0a190e) Importer(815301076,1909f56bfc062723c751e8b465ee728b)  -> (artifact id: '0be732ad1bc18518f36d2ec0a7c45f3c') in 0.150751 seconds 
========================================================================
Received Import Request.
  Time since last request: 352.914182 seconds.
  path: Assets/Sci-Fi Styled Modular Pack/Textures/base-color.png
  artifactKey: Guid(dfcd4dcb2145c6d4f9da3e7654d22d9e) Importer(815301076,1909f56bfc062723c751e8b465ee728b)
Start importing Assets/Sci-Fi Styled Modular Pack/Textures/base-color.png using Guid(dfcd4dcb2145c6d4f9da3e7654d22d9e) Importer(815301076,1909f56bfc062723c751e8b465ee728b)  -> (artifact id: 'a221a1d65f787251cc535e96d5117111') in 0.070620 seconds 
========================================================================
Received Import Request.
  Time since last request: 0.000025 seconds.
  path: Assets/Sci-Fi Styled Modular Pack/Textures/coffee-color.png
  artifactKey: Guid(0444929aa8d1adf45a0fe7c3c3c8d205) Importer(815301076,1909f56bfc062723c751e8b465ee728b)
Start importing Assets/Sci-Fi Styled Modular Pack/Textures/coffee-color.png using Guid(0444929aa8d1adf45a0fe7c3c3c8d205) Importer(815301076,1909f56bfc062723c751e8b465ee728b)  -> (artifact id: '42bfa65fa5c81985d84b201ecf37a328') in 0.015754 seconds 
========================================================================
Received Import Request.
  Time since last request: 0.000019 seconds.
  path: Assets/Sci-Fi Styled Modular Pack/Textures/computer_wall_texture.png
  artifactKey: Guid(7b98260aedcf3b0438023520105fd422) Importer(815301076,1909f56bfc062723c751e8b465ee728b)
Start importing Assets/Sci-Fi Styled Modular Pack/Textures/computer_wall_texture.png using Guid(7b98260aedcf3b0438023520105fd422) Importer(815301076,1909f56bfc062723c751e8b465ee728b)  -> (artifact id: '9b49e77d3bd57a5aa61f8beb4a053609') in 0.061243 seconds 
========================================================================
Received Import Request.
  Time since last request: 0.000021 seconds.
  path: Assets/Sci-Fi Styled Modular Pack/Textures/blue-color.png
  artifactKey: Guid(a698da84decbb5f43881903177570fe2) Importer(815301076,1909f56bfc062723c751e8b465ee728b)
Start importing Assets/Sci-Fi Styled Modular Pack/Textures/blue-color.png using Guid(a698da84decbb5f43881903177570fe2) Importer(815301076,1909f56bfc062723c751e8b465ee728b)  -> (artifact id: 'de2fb5ad4f3bd41659eaf8916e223e93') in 0.011912 seconds 
========================================================================
Received Import Request.
  Time since last request: 0.287842 seconds.
  path: Assets/Sci-Fi Styled Modular Pack/Prefabs/Windows/window_big_blocker.prefab
  artifactKey: Guid(73eea014833549e42853d51ff2b37c32) Importer(815301076,1909f56bfc062723c751e8b465ee728b)
Start importing Assets/Sci-Fi Styled Modular Pack/Prefabs/Windows/window_big_blocker.prefab using Guid(73eea014833549e42853d51ff2b37c32) Importer(815301076,1909f56bfc062723c751e8b465ee728b)  -> (artifact id: '02874d64a6f25d12d7f2fd566a808fd2') in 0.037459 seconds 
========================================================================
Received Import Request.
  Time since last request: 0.000021 seconds.
  path: Assets/Sci-Fi Styled Modular Pack/Prefabs/Windows/window_big_plug.prefab
  artifactKey: Guid(d087389d05d4d7e44922758971ced6af) Importer(815301076,1909f56bfc062723c751e8b465ee728b)
Start importing Assets/Sci-Fi Styled Modular Pack/Prefabs/Windows/window_big_plug.prefab using Guid(d087389d05d4d7e44922758971ced6af) Importer(815301076,1909f56bfc062723c751e8b465ee728b)  -> (artifact id: '0c425aaa717ce43ed2f8832f4af269f8') in 0.019694 seconds 
========================================================================
Received Import Request.
  Time since last request: 0.000025 seconds.
  path: Assets/Sci-Fi Styled Modular Pack/Prefabs/Windows/window_big_corner_far_plug.prefab
  artifactKey: Guid(78417f9c0e3bda049a9a38dad7104d45) Importer(815301076,1909f56bfc062723c751e8b465ee728b)
Start importing Assets/Sci-Fi Styled Modular Pack/Prefabs/Windows/window_big_corner_far_plug.prefab using Guid(78417f9c0e3bda049a9a38dad7104d45) Importer(815301076,1909f56bfc062723c751e8b465ee728b)  -> (artifact id: 'f497c6e8f4636dcb8b273c0ff2f398a7') in 0.016871 seconds 
========================================================================
Received Import Request.
  Time since last request: 0.000019 seconds.
  path: Assets/Sci-Fi Styled Modular Pack/Prefabs/Windows/window_big_no_LOD.prefab
  artifactKey: Guid(9e613db9d284cc14a9b0209f88d3b941) Importer(815301076,1909f56bfc062723c751e8b465ee728b)
Start importing Assets/Sci-Fi Styled Modular Pack/Prefabs/Windows/window_big_no_LOD.prefab using Guid(9e613db9d284cc14a9b0209f88d3b941) Importer(815301076,1909f56bfc062723c751e8b465ee728b)  -> (artifact id: '08b98e62018eac6ec796e8566127299d') in 0.029016 seconds 
========================================================================
Received Import Request.
  Time since last request: 0.000028 seconds.
  path: Assets/Sci-Fi Styled Modular Pack/Prefabs/Windows/window_big_corner_far.prefab
  artifactKey: Guid(f1e5cb2f014b6834b849c918ab359508) Importer(815301076,1909f56bfc062723c751e8b465ee728b)
Start importing Assets/Sci-Fi Styled Modular Pack/Prefabs/Windows/window_big_corner_far.prefab using Guid(f1e5cb2f014b6834b849c918ab359508) Importer(815301076,1909f56bfc062723c751e8b465ee728b)  -> (artifact id: '1235eb13f8d5d6e882a147d20a4bed13') in 0.018326 seconds 
Editor requested this worker to shutdown with reason: Scaling down because of idle timeout
AssetImportWorker is now disconnected from the server
Process exiting
Exiting without the bug reporter. Application will terminate with return code 0